-------------------------------------------------------------------------------
Test set: com.sg.VendingMachine.service.VendingMachineServiceLayerImplTest
-------------------------------------------------------------------------------
Tests run: 5, Failures: 0, Errors: 5, Skipped: 0, Time elapsed: 0.454 sec <<< FAILURE! - in com.sg.VendingMachine.service.VendingMachineServiceLayerImplTest
testValidRemoveItem  Time elapsed: 0.006 sec  <<< ERROR!
org.springframework.beans.factory.CannotLoadBeanClassException: Cannot find class [com.sg.VendingMachine.dao.VendingMachineDaoStubImpl] for bean with name 'vendingMachineDaoStub' defined in class path resource [applicationContext.xml]; nested exception is java.lang.ClassNotFoundException: com.sg.VendingMachine.dao.VendingMachineDaoStubImpl
	at com.sg.VendingMachine.service.VendingMachineServiceLayerImplTest.<init>(VendingMachineServiceLayerImplTest.java:42)
Caused by: java.lang.ClassNotFoundException: com.sg.VendingMachine.dao.VendingMachineDaoStubImpl
	at com.sg.VendingMachine.service.VendingMachineServiceLayerImplTest.<init>(VendingMachineServiceLayerImplTest.java:42)

testGetAllItems  Time elapsed: 0 sec  <<< ERROR!
org.springframework.beans.factory.CannotLoadBeanClassException: Cannot find class [com.sg.VendingMachine.dao.VendingMachineDaoStubImpl] for bean with name 'vendingMachineDaoStub' defined in class path resource [applicationContext.xml]; nested exception is java.lang.ClassNotFoundException: com.sg.VendingMachine.dao.VendingMachineDaoStubImpl
	at com.sg.VendingMachine.service.VendingMachineServiceLayerImplTest.<init>(VendingMachineServiceLayerImplTest.java:42)
Caused by: java.lang.ClassNotFoundException: com.sg.VendingMachine.dao.VendingMachineDaoStubImpl
	at com.sg.VendingMachine.service.VendingMachineServiceLayerImplTest.<init>(VendingMachineServiceLayerImplTest.java:42)

testGetItem  Time elapsed: 0 sec  <<< ERROR!
org.springframework.beans.factory.CannotLoadBeanClassException: Cannot find class [com.sg.VendingMachine.dao.VendingMachineDaoStubImpl] for bean with name 'vendingMachineDaoStub' defined in class path resource [applicationContext.xml]; nested exception is java.lang.ClassNotFoundException: com.sg.VendingMachine.dao.VendingMachineDaoStubImpl
	at com.sg.VendingMachine.service.VendingMachineServiceLayerImplTest.<init>(VendingMachineServiceLayerImplTest.java:42)
Caused by: java.lang.ClassNotFoundException: com.sg.VendingMachine.dao.VendingMachineDaoStubImpl
	at com.sg.VendingMachine.service.VendingMachineServiceLayerImplTest.<init>(VendingMachineServiceLayerImplTest.java:42)

testRemoveItemOutOfStock  Time elapsed: 0 sec  <<< ERROR!
org.springframework.beans.factory.CannotLoadBeanClassException: Cannot find class [com.sg.VendingMachine.dao.VendingMachineDaoStubImpl] for bean with name 'vendingMachineDaoStub' defined in class path resource [applicationContext.xml]; nested exception is java.lang.ClassNotFoundException: com.sg.VendingMachine.dao.VendingMachineDaoStubImpl
	at com.sg.VendingMachine.service.VendingMachineServiceLayerImplTest.<init>(VendingMachineServiceLayerImplTest.java:42)
Caused by: java.lang.ClassNotFoundException: com.sg.VendingMachine.dao.VendingMachineDaoStubImpl
	at com.sg.VendingMachine.service.VendingMachineServiceLayerImplTest.<init>(VendingMachineServiceLayerImplTest.java:42)

testRemoveItemInsufficientFunds  Time elapsed: 0 sec  <<< ERROR!
org.springframework.beans.factory.CannotLoadBeanClassException: Cannot find class [com.sg.VendingMachine.dao.VendingMachineDaoStubImpl] for bean with name 'vendingMachineDaoStub' defined in class path resource [applicationContext.xml]; nested exception is java.lang.ClassNotFoundException: com.sg.VendingMachine.dao.VendingMachineDaoStubImpl
	at com.sg.VendingMachine.service.VendingMachineServiceLayerImplTest.<init>(VendingMachineServiceLayerImplTest.java:42)
Caused by: java.lang.ClassNotFoundException: com.sg.VendingMachine.dao.VendingMachineDaoStubImpl
	at com.sg.VendingMachine.service.VendingMachineServiceLayerImplTest.<init>(VendingMachineServiceLayerImplTest.java:42)

