<?xml version="1.0" encoding="UTF-8"?>
<testsuite xmlns:xsi="http://www.w3.org/2001/XMLSchema-instance" xsi:schemaLocation="https://maven.apache.org/surefire/maven-surefire-plugin/xsd/surefire-test-report.xsd" name="com.sg.VendingMachine.service.VendingMachineServiceLayerImplTest" time="0.454" tests="5" errors="5" skipped="0" failures="0">
  <properties>
[...]
</properties>
  <testcase name="testValidRemoveItem" classname="com.sg.VendingMachine.service.VendingMachineServiceLayerImplTest" time="0.006">
    <error message="Cannot find class [com.sg.VendingMachine.dao.VendingMachineDaoStubImpl] for bean with name &apos;vendingMachineDaoStub&apos; defined in class path resource [applicationContext.xml]; nested exception is java.lang.ClassNotFoundException: com.sg.VendingMachine.dao.VendingMachineDaoStubImpl" type="org.springframework.beans.factory.CannotLoadBeanClassException"><![CDATA[org.springframework.beans.factory.CannotLoadBeanClassException: Cannot find class [com.sg.VendingMachine.dao.VendingMachineDaoStubImpl] for bean with name 'vendingMachineDaoStub' defined in class path resource [applicationContext.xml]; nested exception is java.lang.ClassNotFoundException: com.sg.VendingMachine.dao.VendingMachineDaoStubImpl
	at com.sg.VendingMachine.service.VendingMachineServiceLayerImplTest.<init>(VendingMachineServiceLayerImplTest.java:42)
Caused by: java.lang.ClassNotFoundException: com.sg.VendingMachine.dao.VendingMachineDaoStubImpl
	at com.sg.VendingMachine.service.VendingMachineServiceLayerImplTest.<init>(VendingMachineServiceLayerImplTest.java:42)
]]></error>
    <system-err><![CDATA[Nov 18, 2021 11:19:18 AM org.springframework.context.support.ClassPathXmlApplicationContext prepareRefresh
INFO: Refreshing org.springframework.context.support.ClassPathXmlApplicationContext@1356d4d4: startup date [Thu Nov 18 11:19:18 EST 2021]; root of context hierarchy
Nov 18, 2021 11:19:18 AM org.springframework.beans.factory.xml.XmlBeanDefinitionReader loadBeanDefinitions
INFO: Loading XML bean definitions from class path resource [applicationContext.xml]
Nov 18, 2021 11:19:19 AM org.springframework.context.support.ClassPathXmlApplicationContext refresh
WARNING: Exception encountered during context initialization - cancelling refresh attempt: org.springframework.beans.factory.CannotLoadBeanClassException: Cannot find class [com.sg.VendingMachine.dao.VendingMachineDaoStubImpl] for bean with name 'vendingMachineDaoStub' defined in class path resource [applicationContext.xml]; nested exception is java.lang.ClassNotFoundException: com.sg.VendingMachine.dao.VendingMachineDaoStubImpl
]]></system-err>
  </testcase>
  <testcase name="testGetAllItems" classname="com.sg.VendingMachine.service.VendingMachineServiceLayerImplTest" time="0">
    <error message="Cannot find class [com.sg.VendingMachine.dao.VendingMachineDaoStubImpl] for bean with name &apos;vendingMachineDaoStub&apos; defined in class path resource [applicationContext.xml]; nested exception is java.lang.ClassNotFoundException: com.sg.VendingMachine.dao.VendingMachineDaoStubImpl" type="org.springframework.beans.factory.CannotLoadBeanClassException"><![CDATA[org.springframework.beans.factory.CannotLoadBeanClassException: Cannot find class [com.sg.VendingMachine.dao.VendingMachineDaoStubImpl] for bean with name 'vendingMachineDaoStub' defined in class path resource [applicationContext.xml]; nested exception is java.lang.ClassNotFoundException: com.sg.VendingMachine.dao.VendingMachineDaoStubImpl
	at com.sg.VendingMachine.service.VendingMachineServiceLayerImplTest.<init>(VendingMachineServiceLayerImplTest.java:42)
Caused by: java.lang.ClassNotFoundException: com.sg.VendingMachine.dao.VendingMachineDaoStubImpl
	at com.sg.VendingMachine.service.VendingMachineServiceLayerImplTest.<init>(VendingMachineServiceLayerImplTest.java:42)
]]></error>
    <system-err><![CDATA[Nov 18, 2021 11:19:19 AM org.springframework.context.support.ClassPathXmlApplicationContext prepareRefresh
INFO: Refreshing org.springframework.context.support.ClassPathXmlApplicationContext@ab7395e: startup date [Thu Nov 18 11:19:19 EST 2021]; root of context hierarchy
Nov 18, 2021 11:19:19 AM org.springframework.beans.factory.xml.XmlBeanDefinitionReader loadBeanDefinitions
INFO: Loading XML bean definitions from class path resource [applicationContext.xml]
Nov 18, 2021 11:19:19 AM org.springframework.context.support.ClassPathXmlApplicationContext refresh
WARNING: Exception encountered during context initialization - cancelling refresh attempt: org.springframework.beans.factory.CannotLoadBeanClassException: Cannot find class [com.sg.VendingMachine.dao.VendingMachineDaoStubImpl] for bean with name 'vendingMachineDaoStub' defined in class path resource [applicationContext.xml]; nested exception is java.lang.ClassNotFoundException: com.sg.VendingMachine.dao.VendingMachineDaoStubImpl
]]></system-err>
  </testcase>
  <testcase name="testGetItem" classname="com.sg.VendingMachine.service.VendingMachineServiceLayerImplTest" time="0">
    <error message="Cannot find class [com.sg.VendingMachine.dao.VendingMachineDaoStubImpl] for bean with name &apos;vendingMachineDaoStub&apos; defined in class path resource [applicationContext.xml]; nested exception is java.lang.ClassNotFoundException: com.sg.VendingMachine.dao.VendingMachineDaoStubImpl" type="org.springframework.beans.factory.CannotLoadBeanClassException"><![CDATA[org.springframework.beans.factory.CannotLoadBeanClassException: Cannot find class [com.sg.VendingMachine.dao.VendingMachineDaoStubImpl] for bean with name 'vendingMachineDaoStub' defined in class path resource [applicationContext.xml]; nested exception is java.lang.ClassNotFoundException: com.sg.VendingMachine.dao.VendingMachineDaoStubImpl
	at com.sg.VendingMachine.service.VendingMachineServiceLayerImplTest.<init>(VendingMachineServiceLayerImplTest.java:42)
Caused by: java.lang.ClassNotFoundException: com.sg.VendingMachine.dao.VendingMachineDaoStubImpl
	at com.sg.VendingMachine.service.VendingMachineServiceLayerImplTest.<init>(VendingMachineServiceLayerImplTest.java:42)
]]></error>
    <system-err><![CDATA[Nov 18, 2021 11:19:19 AM org.springframework.context.support.ClassPathXmlApplicationContext prepareRefresh
INFO: Refreshing org.springframework.context.support.ClassPathXmlApplicationContext@13330ac6: startup date [Thu Nov 18 11:19:19 EST 2021]; root of context hierarchy
Nov 18, 2021 11:19:19 AM org.springframework.beans.factory.xml.XmlBeanDefinitionReader loadBeanDefinitions
INFO: Loading XML bean definitions from class path resource [applicationContext.xml]
Nov 18, 2021 11:19:19 AM org.springframework.context.support.ClassPathXmlApplicationContext refresh
WARNING: Exception encountered during context initialization - cancelling refresh attempt: org.springframework.beans.factory.CannotLoadBeanClassException: Cannot find class [com.sg.VendingMachine.dao.VendingMachineDaoStubImpl] for bean with name 'vendingMachineDaoStub' defined in class path resource [applicationContext.xml]; nested exception is java.lang.ClassNotFoundException: com.sg.VendingMachine.dao.VendingMachineDaoStubImpl
]]></system-err>
  </testcase>
  <testcase name="testRemoveItemOutOfStock" classname="com.sg.VendingMachine.service.VendingMachineServiceLayerImplTest" time="0">
    <error message="Cannot find class [com.sg.VendingMachine.dao.VendingMachineDaoStubImpl] for bean with name &apos;vendingMachineDaoStub&apos; defined in class path resource [applicationContext.xml]; nested exception is java.lang.ClassNotFoundException: com.sg.VendingMachine.dao.VendingMachineDaoStubImpl" type="org.springframework.beans.factory.CannotLoadBeanClassException"><![CDATA[org.springframework.beans.factory.CannotLoadBeanClassException: Cannot find class [com.sg.VendingMachine.dao.VendingMachineDaoStubImpl] for bean with name 'vendingMachineDaoStub' defined in class path resource [applicationContext.xml]; nested exception is java.lang.ClassNotFoundException: com.sg.VendingMachine.dao.VendingMachineDaoStubImpl
	at com.sg.VendingMachine.service.VendingMachineServiceLayerImplTest.<init>(VendingMachineServiceLayerImplTest.java:42)
Caused by: java.lang.ClassNotFoundException: com.sg.VendingMachine.dao.VendingMachineDaoStubImpl
	at com.sg.VendingMachine.service.VendingMachineServiceLayerImplTest.<init>(VendingMachineServiceLayerImplTest.java:42)
]]></error>
    <system-err><![CDATA[Nov 18, 2021 11:19:19 AM org.springframework.context.support.ClassPathXmlApplicationContext prepareRefresh
INFO: Refreshing org.springframework.context.support.ClassPathXmlApplicationContext@52c3cb31: startup date [Thu Nov 18 11:19:19 EST 2021]; root of context hierarchy
Nov 18, 2021 11:19:19 AM org.springframework.beans.factory.xml.XmlBeanDefinitionReader loadBeanDefinitions
INFO: Loading XML bean definitions from class path resource [applicationContext.xml]
Nov 18, 2021 11:19:19 AM org.springframework.context.support.ClassPathXmlApplicationContext refresh
WARNING: Exception encountered during context initialization - cancelling refresh attempt: org.springframework.beans.factory.CannotLoadBeanClassException: Cannot find class [com.sg.VendingMachine.dao.VendingMachineDaoStubImpl] for bean with name 'vendingMachineDaoStub' defined in class path resource [applicationContext.xml]; nested exception is java.lang.ClassNotFoundException: com.sg.VendingMachine.dao.VendingMachineDaoStubImpl
]]></system-err>
  </testcase>
  <testcase name="testRemoveItemInsufficientFunds" classname="com.sg.VendingMachine.service.VendingMachineServiceLayerImplTest" time="0">
    <error message="Cannot find class [com.sg.VendingMachine.dao.VendingMachineDaoStubImpl] for bean with name &apos;vendingMachineDaoStub&apos; defined in class path resource [applicationContext.xml]; nested exception is java.lang.ClassNotFoundException: com.sg.VendingMachine.dao.VendingMachineDaoStubImpl" type="org.springframework.beans.factory.CannotLoadBeanClassException"><![CDATA[org.springframework.beans.factory.CannotLoadBeanClassException: Cannot find class [com.sg.VendingMachine.dao.VendingMachineDaoStubImpl] for bean with name 'vendingMachineDaoStub' defined in class path resource [applicationContext.xml]; nested exception is java.lang.ClassNotFoundException: com.sg.VendingMachine.dao.VendingMachineDaoStubImpl
	at com.sg.VendingMachine.service.VendingMachineServiceLayerImplTest.<init>(VendingMachineServiceLayerImplTest.java:42)
Caused by: java.lang.ClassNotFoundException: com.sg.VendingMachine.dao.VendingMachineDaoStubImpl
	at com.sg.VendingMachine.service.VendingMachineServiceLayerImplTest.<init>(VendingMachineServiceLayerImplTest.java:42)
]]></error>
    <system-err><![CDATA[Nov 18, 2021 11:19:19 AM org.springframework.context.support.ClassPathXmlApplicationContext prepareRefresh
INFO: Refreshing org.springframework.context.support.ClassPathXmlApplicationContext@32a68f4f: startup date [Thu Nov 18 11:19:19 EST 2021]; root of context hierarchy
Nov 18, 2021 11:19:19 AM org.springframework.beans.factory.xml.XmlBeanDefinitionReader loadBeanDefinitions
INFO: Loading XML bean definitions from class path resource [applicationContext.xml]
Nov 18, 2021 11:19:19 AM org.springframework.context.support.ClassPathXmlApplicationContext refresh
WARNING: Exception encountered during context initialization - cancelling refresh attempt: org.springframework.beans.factory.CannotLoadBeanClassException: Cannot find class [com.sg.VendingMachine.dao.VendingMachineDaoStubImpl] for bean with name 'vendingMachineDaoStub' defined in class path resource [applicationContext.xml]; nested exception is java.lang.ClassNotFoundException: com.sg.VendingMachine.dao.VendingMachineDaoStubImpl
]]></system-err>
  </testcase>
</testsuite>